
> nx run backend:serve:development

>  NX  Unable to load tsconfig-paths, workspace libraries may be inaccessible.
  - To fix this, install tsconfig-paths with npm/yarn/pnpm
>  NX  Falling back to ts-node for local typescript execution. This may be a little slower.
  - To fix this, ensure @swc-node/register and @swc/core have been installed
tsconfig-paths-webpack-plugin: Found no baseUrl in tsconfig.json, not applying tsconfig-paths-webpack-plugin
tsconfig-paths-webpack-plugin: Found no baseUrl in tsconfig.json, not applying tsconfig-paths-webpack-plugin
tsconfig-paths-webpack-plugin: Found no baseUrl in tsconfig.json, not applying tsconfig-paths-webpack-plugin
chunk (runtime: main) [1m[32mmain.js[39m[22m (main) 90.5 KiB [1m[33m[entry][39m[22m [1m[32m[rendered][39m[22m
webpack compiled [1m[32msuccessfully[39m[22m (c84f5cdd86fa63bc)
Debugger listening on ws://localhost:9229/1a2229c3-115b-451a-a79e-cf38904fd234
For help, see: https://nodejs.org/en/docs/inspector

[32m[Nest] 217840  - [39m02/04/2026, 1:22:21 PM [32m    LOG[39m [38;5;3m[NestFactory] [39m[32mStarting Nest application...[39m
[32m[Nest] 217840  - [39m02/04/2026, 1:22:21 PM [32m    LOG[39m [38;5;3m[InstanceLoader] [39m[32mTypeOrmModule dependencies initialized[39m[38;5;3m +72ms[39m
[32m[Nest] 217840  - [39m02/04/2026, 1:22:21 PM [32m    LOG[39m [38;5;3m[InstanceLoader] [39m[32mPassportModule dependencies initialized[39m[38;5;3m +0ms[39m
[32m[Nest] 217840  - [39m02/04/2026, 1:22:21 PM [32m    LOG[39m [38;5;3m[InstanceLoader] [39m[32mAppModule dependencies initialized[39m[38;5;3m +1ms[39m
[32m[Nest] 217840  - [39m02/04/2026, 1:22:21 PM [32m    LOG[39m [38;5;3m[InstanceLoader] [39m[32mAuthorModule dependencies initialized[39m[38;5;3m +1ms[39m
[32m[Nest] 217840  - [39m02/04/2026, 1:22:21 PM [32m    LOG[39m [38;5;3m[InstanceLoader] [39m[32mInventoryModule dependencies initialized[39m[38;5;3m +0ms[39m
[32m[Nest] 217840  - [39m02/04/2026, 1:22:21 PM [32m    LOG[39m [38;5;3m[InstanceLoader] [39m[32mInventoryHoldingModule dependencies initialized[39m[38;5;3m +0ms[39m
[31m[Nest] 217840  - [39m02/04/2026, 1:22:21 PM [31m  ERROR[39m [38;5;3m[TypeOrmModule] [39m[31mUnable to connect to the database. Retrying (1)...[39m
SyntaxError: Unexpected strict mode reserved word
    at compileSourceTextModule (node:internal/modules/esm/utils:337:16)
    at ModuleLoader.importSyncForRequire (node:internal/modules/esm/loader:310:18)
    at loadESMFromCJS (node:internal/modules/cjs/loader:1381:24)
    at Module._compile (node:internal/modules/cjs/loader:1503:5)
    at Object.Module._extensions..js (node:internal/modules/cjs/loader:1691:10)
    at Module.load (node:internal/modules/cjs/loader:1317:32)
    at Function.Module._load (node:internal/modules/cjs/loader:1127:12)
    at Function.Module._load (/home/josie/Documents/School/826-boston/node_modules/@nx/js/src/executors/node/node-with-require-overrides.js:18:31)
    at TracingChannel.traceSync (node:diagnostics_channel:315:14)
    at wrapModuleLoad (node:internal/modules/cjs/loader:217:24)
    at Module.require (node:internal/modules/cjs/loader:1339:12)
    at require (node:internal/modules/helpers:135:16)
    at tryToRequire (/home/josie/Documents/School/826-boston/node_modules/src/util/ImportUtils.ts:22:17)
    at importOrRequireFile (/home/josie/Documents/School/826-boston/node_modules/src/util/ImportUtils.ts:36:25)
    at async /home/josie/Documents/School/826-boston/node_modules/src/util/DirectoryExportedClassesLoader.ts:57:45
    at async Promise.all (index 0)
    at async importClassesFromDirectories (/home/josie/Documents/School/826-boston/node_modules/src/util/DirectoryExportedClassesLoader.ts:63:18)
    at async ConnectionMetadataBuilder.buildMigrations (/home/josie/Documents/School/826-boston/node_modules/src/connection/ConnectionMetadataBuilder.ts:38:17)
    at async DataSource.buildMetadatas (/home/josie/Documents/School/826-boston/node_modules/src/data-source/DataSource.ts:747:28)
    at async DataSource.initialize (/home/josie/Documents/School/826-boston/node_modules/src/data-source/DataSource.ts:264:13)

[31m[Nest] 217840  - [39m02/04/2026, 1:22:24 PM [31m  ERROR[39m [38;5;3m[TypeOrmModule] [39m[31mUnable to connect to the database. Retrying (2)...[39m
SyntaxError: Unexpected strict mode reserved word
    at compileSourceTextModule (node:internal/modules/esm/utils:337:16)
    at ModuleLoader.importSyncForRequire (node:internal/modules/esm/loader:310:18)
    at loadESMFromCJS (node:internal/modules/cjs/loader:1381:24)
    at Module._compile (node:internal/modules/cjs/loader:1503:5)
    at Object.Module._extensions..js (node:internal/modules/cjs/loader:1691:10)
    at Module.load (node:internal/modules/cjs/loader:1317:32)
    at Function.Module._load (node:internal/modules/cjs/loader:1127:12)
    at Function.Module._load (/home/josie/Documents/School/826-boston/node_modules/@nx/js/src/executors/node/node-with-require-overrides.js:18:31)
    at TracingChannel.traceSync (node:diagnostics_channel:315:14)
    at wrapModuleLoad (node:internal/modules/cjs/loader:217:24)
    at Module.require (node:internal/modules/cjs/loader:1339:12)
    at require (node:internal/modules/helpers:135:16)
    at tryToRequire (/home/josie/Documents/School/826-boston/node_modules/src/util/ImportUtils.ts:22:17)
    at importOrRequireFile (/home/josie/Documents/School/826-boston/node_modules/src/util/ImportUtils.ts:36:25)
    at processTicksAndRejections (node:internal/process/task_queues:105:5)
    at async /home/josie/Documents/School/826-boston/node_modules/src/util/DirectoryExportedClassesLoader.ts:57:45
    at async Promise.all (index 0)
    at async importClassesFromDirectories (/home/josie/Documents/School/826-boston/node_modules/src/util/DirectoryExportedClassesLoader.ts:63:18)
    at async ConnectionMetadataBuilder.buildMigrations (/home/josie/Documents/School/826-boston/node_modules/src/connection/ConnectionMetadataBuilder.ts:38:17)
    at async DataSource.buildMetadatas (/home/josie/Documents/School/826-boston/node_modules/src/data-source/DataSource.ts:747:28)
    at async DataSource.initialize (/home/josie/Documents/School/826-boston/node_modules/src/data-source/DataSource.ts:264:13)

[31m[Nest] 217840  - [39m02/04/2026, 1:22:27 PM [31m  ERROR[39m [38;5;3m[TypeOrmModule] [39m[31mUnable to connect to the database. Retrying (3)...[39m
SyntaxError: Unexpected strict mode reserved word
    at compileSourceTextModule (node:internal/modules/esm/utils:337:16)
    at ModuleLoader.importSyncForRequire (node:internal/modules/esm/loader:310:18)
    at loadESMFromCJS (node:internal/modules/cjs/loader:1381:24)
    at Module._compile (node:internal/modules/cjs/loader:1503:5)
    at Object.Module._extensions..js (node:internal/modules/cjs/loader:1691:10)
    at Module.load (node:internal/modules/cjs/loader:1317:32)
    at Function.Module._load (node:internal/modules/cjs/loader:1127:12)
    at Function.Module._load (/home/josie/Documents/School/826-boston/node_modules/@nx/js/src/executors/node/node-with-require-overrides.js:18:31)
    at TracingChannel.traceSync (node:diagnostics_channel:315:14)
    at wrapModuleLoad (node:internal/modules/cjs/loader:217:24)
    at Module.require (node:internal/modules/cjs/loader:1339:12)
    at require (node:internal/modules/helpers:135:16)
    at tryToRequire (/home/josie/Documents/School/826-boston/node_modules/src/util/ImportUtils.ts:22:17)
    at importOrRequireFile (/home/josie/Documents/School/826-boston/node_modules/src/util/ImportUtils.ts:36:25)
    at processTicksAndRejections (node:internal/process/task_queues:105:5)
    at async /home/josie/Documents/School/826-boston/node_modules/src/util/DirectoryExportedClassesLoader.ts:57:45
    at async Promise.all (index 0)
    at async importClassesFromDirectories (/home/josie/Documents/School/826-boston/node_modules/src/util/DirectoryExportedClassesLoader.ts:63:18)
    at async ConnectionMetadataBuilder.buildMigrations (/home/josie/Documents/School/826-boston/node_modules/src/connection/ConnectionMetadataBuilder.ts:38:17)
    at async DataSource.buildMetadatas (/home/josie/Documents/School/826-boston/node_modules/src/data-source/DataSource.ts:747:28)
    at async DataSource.initialize (/home/josie/Documents/School/826-boston/node_modules/src/data-source/DataSource.ts:264:13)

[31m[Nest] 217840  - [39m02/04/2026, 1:22:30 PM [31m  ERROR[39m [38;5;3m[TypeOrmModule] [39m[31mUnable to connect to the database. Retrying (4)...[39m
SyntaxError: Unexpected strict mode reserved word
    at compileSourceTextModule (node:internal/modules/esm/utils:337:16)
    at ModuleLoader.importSyncForRequire (node:internal/modules/esm/loader:310:18)
    at loadESMFromCJS (node:internal/modules/cjs/loader:1381:24)
    at Module._compile (node:internal/modules/cjs/loader:1503:5)
    at Object.Module._extensions..js (node:internal/modules/cjs/loader:1691:10)
    at Module.load (node:internal/modules/cjs/loader:1317:32)
    at Function.Module._load (node:internal/modules/cjs/loader:1127:12)
    at Function.Module._load (/home/josie/Documents/School/826-boston/node_modules/@nx/js/src/executors/node/node-with-require-overrides.js:18:31)
    at TracingChannel.traceSync (node:diagnostics_channel:315:14)
    at wrapModuleLoad (node:internal/modules/cjs/loader:217:24)
    at Module.require (node:internal/modules/cjs/loader:1339:12)
    at require (node:internal/modules/helpers:135:16)
    at tryToRequire (/home/josie/Documents/School/826-boston/node_modules/src/util/ImportUtils.ts:22:17)
    at importOrRequireFile (/home/josie/Documents/School/826-boston/node_modules/src/util/ImportUtils.ts:36:25)
    at processTicksAndRejections (node:internal/process/task_queues:105:5)
    at async /home/josie/Documents/School/826-boston/node_modules/src/util/DirectoryExportedClassesLoader.ts:57:45
    at async Promise.all (index 0)
    at async importClassesFromDirectories (/home/josie/Documents/School/826-boston/node_modules/src/util/DirectoryExportedClassesLoader.ts:63:18)
    at async ConnectionMetadataBuilder.buildMigrations (/home/josie/Documents/School/826-boston/node_modules/src/connection/ConnectionMetadataBuilder.ts:38:17)
    at async DataSource.buildMetadatas (/home/josie/Documents/School/826-boston/node_modules/src/data-source/DataSource.ts:747:28)
    at async DataSource.initialize (/home/josie/Documents/School/826-boston/node_modules/src/data-source/DataSource.ts:264:13)

[31m[Nest] 217840  - [39m02/04/2026, 1:22:34 PM [31m  ERROR[39m [38;5;3m[TypeOrmModule] [39m[31mUnable to connect to the database. Retrying (5)...[39m
SyntaxError: Unexpected strict mode reserved word
    at compileSourceTextModule (node:internal/modules/esm/utils:337:16)
    at ModuleLoader.importSyncForRequire (node:internal/modules/esm/loader:310:18)
    at loadESMFromCJS (node:internal/modules/cjs/loader:1381:24)
    at Module._compile (node:internal/modules/cjs/loader:1503:5)
    at Object.Module._extensions..js (node:internal/modules/cjs/loader:1691:10)
    at Module.load (node:internal/modules/cjs/loader:1317:32)
    at Function.Module._load (node:internal/modules/cjs/loader:1127:12)
    at Function.Module._load (/home/josie/Documents/School/826-boston/node_modules/@nx/js/src/executors/node/node-with-require-overrides.js:18:31)
    at TracingChannel.traceSync (node:diagnostics_channel:315:14)
    at wrapModuleLoad (node:internal/modules/cjs/loader:217:24)
    at Module.require (node:internal/modules/cjs/loader:1339:12)
    at require (node:internal/modules/helpers:135:16)
    at tryToRequire (/home/josie/Documents/School/826-boston/node_modules/src/util/ImportUtils.ts:22:17)
    at importOrRequireFile (/home/josie/Documents/School/826-boston/node_modules/src/util/ImportUtils.ts:36:25)
    at processTicksAndRejections (node:internal/process/task_queues:105:5)
    at async /home/josie/Documents/School/826-boston/node_modules/src/util/DirectoryExportedClassesLoader.ts:57:45
    at async Promise.all (index 0)
    at async importClassesFromDirectories (/home/josie/Documents/School/826-boston/node_modules/src/util/DirectoryExportedClassesLoader.ts:63:18)
    at async ConnectionMetadataBuilder.buildMigrations (/home/josie/Documents/School/826-boston/node_modules/src/connection/ConnectionMetadataBuilder.ts:38:17)
    at async DataSource.buildMetadatas (/home/josie/Documents/School/826-boston/node_modules/src/data-source/DataSource.ts:747:28)
    at async DataSource.initialize (/home/josie/Documents/School/826-boston/node_modules/src/data-source/DataSource.ts:264:13)

[31m[Nest] 217840  - [39m02/04/2026, 1:22:37 PM [31m  ERROR[39m [38;5;3m[TypeOrmModule] [39m[31mUnable to connect to the database. Retrying (6)...[39m
SyntaxError: Unexpected strict mode reserved word
    at compileSourceTextModule (node:internal/modules/esm/utils:337:16)
    at ModuleLoader.importSyncForRequire (node:internal/modules/esm/loader:310:18)
    at loadESMFromCJS (node:internal/modules/cjs/loader:1381:24)
    at Module._compile (node:internal/modules/cjs/loader:1503:5)
    at Object.Module._extensions..js (node:internal/modules/cjs/loader:1691:10)
    at Module.load (node:internal/modules/cjs/loader:1317:32)
    at Function.Module._load (node:internal/modules/cjs/loader:1127:12)
    at Function.Module._load (/home/josie/Documents/School/826-boston/node_modules/@nx/js/src/executors/node/node-with-require-overrides.js:18:31)
    at TracingChannel.traceSync (node:diagnostics_channel:315:14)
    at wrapModuleLoad (node:internal/modules/cjs/loader:217:24)
    at Module.require (node:internal/modules/cjs/loader:1339:12)
    at require (node:internal/modules/helpers:135:16)
    at tryToRequire (/home/josie/Documents/School/826-boston/node_modules/src/util/ImportUtils.ts:22:17)
    at importOrRequireFile (/home/josie/Documents/School/826-boston/node_modules/src/util/ImportUtils.ts:36:25)
    at processTicksAndRejections (node:internal/process/task_queues:105:5)
    at async /home/josie/Documents/School/826-boston/node_modules/src/util/DirectoryExportedClassesLoader.ts:57:45
    at async Promise.all (index 0)
    at async importClassesFromDirectories (/home/josie/Documents/School/826-boston/node_modules/src/util/DirectoryExportedClassesLoader.ts:63:18)
    at async ConnectionMetadataBuilder.buildMigrations (/home/josie/Documents/School/826-boston/node_modules/src/connection/ConnectionMetadataBuilder.ts:38:17)
    at async DataSource.buildMetadatas (/home/josie/Documents/School/826-boston/node_modules/src/data-source/DataSource.ts:747:28)
    at async DataSource.initialize (/home/josie/Documents/School/826-boston/node_modules/src/data-source/DataSource.ts:264:13)

